<?xml version="1.0" encoding="UTF-8"?>
<!-- Generated by org.testng.reporters.JUnitReportReporter -->
<testsuite hostname="ITLNB102" name="com.qa.testcases.TC001_SearchProduct" tests="1" failures="0" timestamp="6 Sep 2018 04:54:49 GMT" time="63.665" errors="0">
  <testcase name="SearchProduct" time="63.665" classname="com.qa.testcases.TC001_SearchProduct"/>
</testsuite> <!-- com.qa.testcases.TC001_SearchProduct -->
